  Book.cpp
c:\users\nabz24\desktop\cis_22b_finalproject\cis_22b_finalproject\book.h(38): error C2632: 'int' followed by 'int' is illegal
c:\users\nabz24\desktop\cis_22b_finalproject\cis_22b_finalproject\book.h(31): error C2065: 'Title': undeclared identifier
c:\users\nabz24\desktop\cis_22b_finalproject\cis_22b_finalproject\book.h(32): error C2065: 'Author': undeclared identifier
c:\users\nabz24\desktop\cis_22b_finalproject\cis_22b_finalproject\book.h(33): warning C4244: 'return': conversion from 'const double' to 'int', possible loss of data
c:\users\nabz24\desktop\cis_22b_finalproject\cis_22b_finalproject\book.h(34): error C2065: 'RetailPrice': undeclared identifier
c:\users\nabz24\desktop\cis_22b_finalproject\cis_22b_finalproject\book.h(38): error C2597: illegal reference to non-static member 'Book::quantity'
c:\users\nabz24\desktop\cis_22b_finalproject\cis_22b_finalproject\book.cpp(40): error C2084: function 'std::string Book::getISBN(void) const' already has a body
  c:\users\nabz24\desktop\cis_22b_finalproject\cis_22b_finalproject\book.h(30): note: see previous definition of 'getISBN'
c:\users\nabz24\desktop\cis_22b_finalproject\cis_22b_finalproject\book.cpp(45): error C2084: function 'std::string Book::getTitle(void) const' already has a body
  c:\users\nabz24\desktop\cis_22b_finalproject\cis_22b_finalproject\book.h(31): note: see previous definition of 'getTitle'
c:\users\nabz24\desktop\cis_22b_finalproject\cis_22b_finalproject\book.cpp(49): error C2084: function 'std::string Book::getAuthor(void) const' already has a body
  c:\users\nabz24\desktop\cis_22b_finalproject\cis_22b_finalproject\book.h(32): note: see previous definition of 'getAuthor'
c:\users\nabz24\desktop\cis_22b_finalproject\cis_22b_finalproject\book.cpp(53): error C2084: function 'int Book::getwholeSaleCost(void) const' already has a body
  c:\users\nabz24\desktop\cis_22b_finalproject\cis_22b_finalproject\book.h(33): note: see previous definition of 'getwholeSaleCost'
c:\users\nabz24\desktop\cis_22b_finalproject\cis_22b_finalproject\book.cpp(57): error C2084: function 'double Book::getRetailPrice(void) const' already has a body
  c:\users\nabz24\desktop\cis_22b_finalproject\cis_22b_finalproject\book.h(34): note: see previous definition of 'getRetailPrice'
c:\users\nabz24\desktop\cis_22b_finalproject\cis_22b_finalproject\book.cpp(77): error C2511: 'void Book::setAuthor(std::string)': overloaded member function not found in 'Book'
  c:\users\nabz24\desktop\cis_22b_finalproject\cis_22b_finalproject\book.h(5): note: see declaration of 'Book'
c:\users\nabz24\desktop\cis_22b_finalproject\cis_22b_finalproject\book.cpp(78): error C2597: illegal reference to non-static member 'Book::author'
c:\users\nabz24\desktop\cis_22b_finalproject\cis_22b_finalproject\book.cpp(82): error C2511: 'void Book::setPublisher(std::string)': overloaded member function not found in 'Book'
  c:\users\nabz24\desktop\cis_22b_finalproject\cis_22b_finalproject\book.h(5): note: see declaration of 'Book'
c:\users\nabz24\desktop\cis_22b_finalproject\cis_22b_finalproject\book.cpp(83): error C2597: illegal reference to non-static member 'Book::publisher'
